loading data for sub 5
5 done
[[-2.92100000e+00  3.99616713e+14]
 [-2.86140000e+00  3.99616713e+14]
 [-1.64000000e-02  4.85651155e+14]
 [ 0.00000000e+00  6.32206786e+14]
 [ 1.08670000e+00  3.99616713e+14]
 [ 3.08920000e+00  4.85651155e+14]
 [ 3.10600000e+00  3.99616713e+14]
 [ 4.00860000e+00  4.85651155e+14]
 [ 9.98820000e+00  4.85651155e+14]
 [ 1.09856000e+01  4.85651155e+14]
 [ 1.10354000e+01  4.85651155e+14]
 [ 2.21003000e+01  3.99616713e+14]
 [ 2.79768000e+01  4.85651155e+14]
 [ 3.59813000e+01  3.99616713e+14]
 [ 4.29891000e+01  3.99616713e+14]
 [ 4.39808000e+01  3.99616713e+14]
 [ 5.29753000e+01  3.99616713e+14]
 [ 5.79717000e+01  3.99616713e+14]
 [ 2.40371900e+02  3.99616713e+14]
 [ 2.53356600e+02  3.99616713e+14]
 [ 2.68340900e+02  4.85651155e+14]
 [ 2.69327400e+02  3.99616713e+14]
 [ 2.72342800e+02  3.99616713e+14]
 [ 2.73329000e+02  4.85651155e+14]
 [ 2.74315000e+02  6.32206786e+14]
 [ 2.74332300e+02  4.85651155e+14]
 [ 2.85234100e+02  3.99616713e+14]
 [ 2.86219400e+02  3.99616713e+14]
 [ 2.99319200e+02  4.85651155e+14]
 [ 3.04269200e+02  4.85651155e+14]
 [ 3.04285500e+02  3.99616713e+14]
 [ 3.11110400e+02  6.32206786e+14]
 [ 3.11154800e+02  4.85651155e+14]
 [ 3.11226300e+02  3.99616713e+14]
 [ 3.14153700e+02  3.99616713e+14]
 [ 3.25105700e+02  6.32206786e+14]
 [ 3.25124800e+02  4.85651155e+14]
 [ 3.25148600e+02  3.99616713e+14]
 [ 3.28108200e+02  6.32206786e+14]
 [ 3.31146600e+02  4.85651155e+14]
 [ 3.31204300e+02  4.85651155e+14]
 [ 3.38096200e+02  4.85651155e+14]
 [ 3.38112900e+02  3.99616713e+14]
 [ 3.50125200e+02  3.99616713e+14]
 [ 3.52075700e+02  3.99616713e+14]
 [ 3.53005200e+02  6.32206786e+14]
 [ 3.53021600e+02  4.85651155e+14]
 [ 3.58024600e+02  6.32206786e+14]
 [ 3.63965600e+02  3.99616713e+14]
 [ 3.64037000e+02  6.32206786e+14]
 [ 3.64090400e+02  4.85651155e+14]
 [ 3.64107100e+02  3.99616713e+14]
 [ 3.68064800e+02  4.85651155e+14]
 [ 3.68081300e+02  3.99616713e+14]
 [ 3.78974600e+02  3.99616713e+14]
 [ 3.94035500e+02  4.85651155e+14]
 [ 3.94051900e+02  3.99616713e+14]
 [ 4.20970000e+02  4.85651155e+14]]
  FLUXCAL   
------------
   1.9123576
   3.0202086
    1.235689
         1.0
    1.058919
   1.2785778
   1.7552456
   1.1622199
  0.32581094
  0.58214945
   0.5912678
    2.986091
   0.2627088
    1.702789
   0.8326231
   1.0154251
   1.2163973
   0.5178793
  -1.0367846
    0.345487
 -0.08132938
  0.01655121
 -0.18435521
  -0.6130193
 0.015125627
 -0.38964102
         ...
  0.41566545
 -0.10769116
  0.10244297
  0.72187316
   0.0853705
  0.23152344
  0.09690128
 0.054634705
  -0.7686004
  0.19849569
  0.03887493
  0.15290317
    1.055945
 -0.22074123
  0.55859834
 -0.32478222
 -0.03581139
  -0.4485562
  0.26296327
    0.588811
  0.34815815
 -0.60267174
  0.20606224
-0.037435956
  0.22741835
-0.011775786
-0.016303645
Length = 58 rows
FLUXCALERR
----------
 0.9155702
 1.2744288
 0.3178095
0.20708653
0.71869653
 0.3394077
 0.5907399
0.46918565
0.37541065
0.37205148
0.26396853
 1.3970877
  0.392443
0.52636164
 0.5945877
 0.5679822
 1.0557371
 0.8389179
  1.177545
 1.0176744
0.40765893
 0.5740504
0.64532155
0.44118246
0.28303245
 0.5497302
       ...
0.29982036
 0.2484066
0.59514517
 0.6663568
0.29867432
0.28568217
 0.3912624
0.19080569
0.36805624
0.37006515
0.38158718
  0.606028
  1.031011
0.46580362
0.42404446
 0.6303169
 0.2134684
 0.9809003
 0.2030568
  0.328438
0.45345744
0.51857346
0.67789155
0.98429304
0.48366904
 0.6075814
 0.5378028
Length = 58 rows
<function Fnu at 0x7f6d3771fc80>
Traceback (most recent call last):
  File "feature_extraction.py", line 44, in <module>
    f_extract(sub_data, name, split)
  File "/media3/etienne/workdir/spark_AGN/ELAsTiCC/Multiple_band_fit/MbF/data_processing.py", line 378, in extract_mbf
    extraction = perform_fit_mbf(obj)
  File "/media3/etienne/workdir/spark_AGN/ELAsTiCC/Multiple_band_fit/MbF/data_processing.py", line 294, in perform_fit_mbf
    least_squares = LeastSquares(np.array([global_mjd, global_nu]).T, global_flux, global_fluxerr, Fnu)
  File "/media3/etienne/science_module_env/lib/python3.6/site-packages/iminuit/cost.py", line 930, in __init__
    data = np.column_stack(np.broadcast_arrays(*x, y, yerror))
  File "<__array_function__ internals>", line 6, in broadcast_arrays
  File "/media3/etienne/science_module_env/lib/python3.6/site-packages/numpy/lib/stride_tricks.py", line 258, in broadcast_arrays
    shape = _broadcast_shape(*args)
  File "/media3/etienne/science_module_env/lib/python3.6/site-packages/numpy/lib/stride_tricks.py", line 196, in _broadcast_shape
    b = np.broadcast(b, *args[pos:(pos + 31)])
ValueError: shape mismatch: objects cannot be broadcast to a single shape
