loading data for sub 1
1 done
[[-9.56101000e+01  4.85651155e+14]
 [-9.46431000e+01  4.85651155e+14]
 [-9.46263000e+01  3.99616713e+14]
 [-8.96506000e+01  6.32206786e+14]
 [-8.96363000e+01  4.85651155e+14]
 [-8.37671000e+01  4.85651155e+14]
 [-8.37500000e+01  3.99616713e+14]
 [-8.36477000e+01  4.85651155e+14]
 [-8.36340000e+01  3.99616713e+14]
 [-6.86583000e+01  3.99616713e+14]
 [-6.06828000e+01  6.32206786e+14]
 [-6.06664000e+01  4.85651155e+14]
 [-5.96817000e+01  6.32206786e+14]
 [-5.96651000e+01  4.85651155e+14]
 [-3.89373000e+01  6.32206786e+14]
 [-3.89153000e+01  4.85651155e+14]
 [-3.88849000e+01  3.99616713e+14]
 [-3.69165000e+01  4.85651155e+14]
 [-3.69000000e+01  3.99616713e+14]
 [-3.67853000e+01  6.32206786e+14]
 [-3.37760000e+01  4.85651155e+14]
 [-3.07831000e+01  6.32206786e+14]
 [-1.19639000e+01  4.85651155e+14]
 [-1.19470000e+01  3.99616713e+14]
 [-8.98480000e+00  4.85651155e+14]
 [-8.96790000e+00  3.99616713e+14]
 [-4.00700000e+00  4.85651155e+14]
 [ 0.00000000e+00  6.32206786e+14]
 [ 2.56000000e-02  4.85651155e+14]
 [ 1.99310000e+00  6.32206786e+14]
 [ 2.96210000e+00  4.85651155e+14]
 [ 2.50329000e+01  4.85651155e+14]
 [ 2.50493000e+01  3.99616713e+14]
 [ 2.50975000e+01  6.32206786e+14]
 [ 2.51138000e+01  4.85651155e+14]
 [ 2.80382000e+01  3.99616713e+14]
 [ 2.80548000e+01  4.85651155e+14]
 [ 3.60390000e+01  3.99616713e+14]
 [ 3.69958000e+01  3.99616713e+14]
 [ 4.00195000e+01  3.99616713e+14]
 [ 2.11362900e+02  4.85651155e+14]
 [ 2.52254100e+02  3.99616713e+14]
 [ 2.63374000e+02  3.99616713e+14]
 [ 2.64397200e+02  4.85651155e+14]
 [ 2.65399200e+02  3.99616713e+14]
 [ 2.73357200e+02  6.32206786e+14]
 [ 2.73375800e+02  4.85651155e+14]
 [ 2.77198600e+02  3.99616713e+14]
 [ 2.85331300e+02  3.99616713e+14]
 [ 2.86205800e+02  3.99616713e+14]
 [ 2.91338400e+02  4.85651155e+14]
 [ 2.91354200e+02  3.99616713e+14]
 [ 3.00173700e+02  6.32206786e+14]
 [ 3.00190800e+02  4.85651155e+14]
 [ 3.13254000e+02  3.99616713e+14]
 [ 3.15308400e+02  3.99616713e+14]
 [ 3.16113700e+02  4.85651155e+14]
 [ 3.16130800e+02  3.99616713e+14]
 [ 3.25082600e+02  6.32206786e+14]
 [ 3.25099400e+02  4.85651155e+14]
 [ 3.26066500e+02  6.32206786e+14]
 [ 3.26082800e+02  4.85651155e+14]
 [ 3.29064800e+02  4.85651155e+14]
 [ 3.29081900e+02  3.99616713e+14]
 [ 3.34054200e+02  3.99616713e+14]
 [ 3.48047800e+02  6.32206786e+14]
 [ 3.48228200e+02  4.85651155e+14]
 [ 3.49205400e+02  4.85651155e+14]
 [ 3.49229300e+02  3.99616713e+14]
 [ 3.52037000e+02  4.85651155e+14]
 [ 3.52053700e+02  3.99616713e+14]
 [ 3.70118400e+02  3.99616713e+14]
 [ 3.84103300e+02  6.32206786e+14]
 [ 3.98991500e+02  4.85651155e+14]
 [ 4.02982300e+02  4.85651155e+14]
 [ 4.04039100e+02  3.99616713e+14]]
  FLUXCAL  
-----------
 -0.1742355
 -0.6239231
 -0.1478272
 0.28534245
  1.0168017
-0.10799874
 0.15625776
0.105497584
-0.14266895
 0.11263504
 0.08949816
  1.0215454
  -0.200828
  -0.090439
-0.26095882
 0.25116593
 0.57243556
  0.8389104
 -1.3407524
 0.10687357
 -0.5146765
 0.26264545
  1.8007615
  1.7864107
   2.487488
  1.6573575
        ...
 0.06193306
 0.09896022
 -0.5240081
-0.16724582
  0.4659324
 0.10184621
  1.7157055
  0.7869735
 0.48564357
-0.02938379
  0.1543233
-0.09790529
-0.16749623
-0.45565617
 0.13058999
 -0.8126586
-0.11241159
 -1.0785487
0.063788146
  1.7735084
 0.57361746
-0.36562362
 -1.8492507
 0.09614651
-0.42146105
-0.94996446
  0.5783543
Length = 76 rows
FLUXCALERR
----------
 0.4215423
 0.4057108
0.64114493
0.32864863
0.47829363
 0.4283919
0.68735033
0.46765602
 0.6530534
0.95947057
 0.4370255
0.81270057
 0.4046135
0.61896455
  0.314759
0.28341702
0.35177895
 0.5795549
 0.9848333
0.36136973
 0.9761137
0.20814054
0.35324594
 0.6798313
0.48438305
0.70240724
       ...
 0.4956394
 0.5185152
 0.7471182
 0.3481116
0.46669468
 0.9118968
  1.250129
0.40187365
 0.6851306
0.29958698
 0.5389849
 0.2274235
 0.2635882
0.30368635
0.51062477
 1.1172305
0.30039185
 0.6506058
 0.5302069
 1.1435957
0.46393728
 0.8295284
0.97488725
0.58552784
0.27088585
0.39807284
0.55607015
Length = 76 rows
<function Fnu at 0x7f50cdca2bf8>
Traceback (most recent call last):
  File "feature_extraction.py", line 44, in <module>
    f_extract(sub_data, name, split)
  File "/media3/etienne/workdir/spark_AGN/ELAsTiCC/Multiple_band_fit/MbF/data_processing.py", line 378, in extract_mbf
    extraction = perform_fit_mbf(obj)
  File "/media3/etienne/workdir/spark_AGN/ELAsTiCC/Multiple_band_fit/MbF/data_processing.py", line 294, in perform_fit_mbf
    least_squares = LeastSquares(np.array([global_mjd, global_nu]).T, global_flux, global_fluxerr, Fnu)
  File "/media3/etienne/science_module_env/lib/python3.6/site-packages/iminuit/cost.py", line 930, in __init__
    data = np.column_stack(np.broadcast_arrays(*x, y, yerror))
  File "<__array_function__ internals>", line 6, in broadcast_arrays
  File "/media3/etienne/science_module_env/lib/python3.6/site-packages/numpy/lib/stride_tricks.py", line 258, in broadcast_arrays
    shape = _broadcast_shape(*args)
  File "/media3/etienne/science_module_env/lib/python3.6/site-packages/numpy/lib/stride_tricks.py", line 196, in _broadcast_shape
    b = np.broadcast(b, *args[pos:(pos + 31)])
ValueError: shape mismatch: objects cannot be broadcast to a single shape
